2025-03-29 20:37:15 [INFO] root: Logging configured.
2025-03-29 20:37:15 [INFO] root: Application started.
2025-03-29 20:37:15 [INFO] root: Loaded 14 URLs from data/uidaho_urls.json
2025-03-29 20:37:15 [INFO] root: Processing URL: https://www.uidaho.edu/cals/services/grant-and-project-development/our-people/tenley-burke
2025-03-29 20:37:18 [INFO] root: Completed processing https://www.uidaho.edu/cals/services/grant-and-project-development/our-people/tenley-burke
2025-03-29 20:37:19 [INFO] root: Processing URL: https://www.uidaho.edu/cals/services/grant-and-project-development/our-people/debbie-gray
2025-03-29 20:37:23 [INFO] root: Completed processing https://www.uidaho.edu/cals/services/grant-and-project-development/our-people/debbie-gray
2025-03-29 20:37:23 [INFO] root: Processing URL: https://www.uidaho.edu/cals/services/grant-and-project-development/our-people/soren-newman
2025-03-29 20:37:27 [INFO] root: Completed processing https://www.uidaho.edu/cals/services/grant-and-project-development/our-people/soren-newman
2025-03-29 20:37:27 [INFO] root: Processing URL: https://www.uidaho.edu/cals/people/harpreet-kaur
2025-03-29 20:37:31 [INFO] root: Completed processing https://www.uidaho.edu/cals/people/harpreet-kaur
2025-03-29 20:37:32 [INFO] root: Processing URL: https://www.uidaho.edu/cals/people/madison-mcguire
2025-03-29 20:37:36 [INFO] root: Completed processing https://www.uidaho.edu/cals/people/madison-mcguire
2025-03-29 20:37:36 [INFO] root: Processing URL: https://www.uidaho.edu/cals/people/savanah-nunes
2025-03-29 20:37:40 [INFO] root: Completed processing https://www.uidaho.edu/cals/people/savanah-nunes
2025-03-29 20:37:41 [INFO] root: Processing URL: https://www.uidaho.edu/cals/people/steve-greene
2025-03-29 20:37:45 [INFO] root: Completed processing https://www.uidaho.edu/cals/people/steve-greene
2025-03-29 20:37:45 [INFO] root: Processing URL: https://www.uidaho.edu/cals/people/amy-calabretta
2025-03-29 20:37:49 [INFO] root: Completed processing https://www.uidaho.edu/cals/people/amy-calabretta
2025-03-29 20:37:49 [INFO] root: Processing URL: https://www.uidaho.edu/cals/people/angela-harley
2025-03-29 20:37:53 [INFO] root: Completed processing https://www.uidaho.edu/cals/people/angela-harley
2025-03-29 20:37:53 [INFO] root: Processing URL: https://www.uidaho.edu/cals/people/ann-barrington
2025-03-29 20:37:57 [INFO] root: Completed processing https://www.uidaho.edu/cals/people/ann-barrington
2025-03-29 20:37:58 [INFO] root: Processing URL: https://www.uidaho.edu/cals/people/ashley-baker
2025-03-29 20:38:01 [INFO] root: Completed processing https://www.uidaho.edu/cals/people/ashley-baker
2025-03-29 20:38:02 [INFO] root: Processing URL: https://www.uidaho.edu/cals/people/brandi-chastain
2025-03-29 20:38:06 [INFO] root: Completed processing https://www.uidaho.edu/cals/people/brandi-chastain
2025-03-29 20:38:06 [INFO] root: Processing URL: https://www.uidaho.edu/cals/people/brian-kelly
2025-03-29 20:38:10 [INFO] root: Completed processing https://www.uidaho.edu/cals/people/brian-kelly
2025-03-29 20:38:10 [INFO] root: Processing URL: https://www.uidaho.edu/cals/people/carly-schoepflin
2025-03-29 20:38:14 [INFO] root: Completed processing https://www.uidaho.edu/cals/people/carly-schoepflin
2025-03-29 20:38:14 [INFO] root: 
Processing Metrics:
2025-03-29 20:38:14 [INFO] root: Total URLs processed: 14
2025-03-29 20:38:14 [INFO] root: Successful extractions: 0
2025-03-29 20:38:14 [INFO] root: Failed extractions: 14
2025-03-29 20:38:14 [INFO] root: Success rate: 0.00%
2025-03-29 20:38:14 [INFO] root: Total cost: $0.0000
2025-03-29 20:38:14 [INFO] root: Profile extraction process completed
2025-03-29 20:38:37 [INFO] root: Logging configured.
2025-03-29 20:38:37 [INFO] root: Application started.
2025-03-29 20:38:37 [INFO] root: Loaded 14 URLs from data/uidaho_urls.json
2025-03-29 20:38:37 [INFO] root: Processing URL: https://www.uidaho.edu/cals/services/grant-and-project-development/our-people/tenley-burke
2025-03-29 20:38:40 [INFO] root: Completed processing https://www.uidaho.edu/cals/services/grant-and-project-development/our-people/tenley-burke
2025-03-29 20:38:40 [INFO] root: Processing URL: https://www.uidaho.edu/cals/services/grant-and-project-development/our-people/debbie-gray
2025-03-29 20:38:46 [INFO] root: Completed processing https://www.uidaho.edu/cals/services/grant-and-project-development/our-people/debbie-gray
2025-03-29 20:38:47 [INFO] root: Processing URL: https://www.uidaho.edu/cals/services/grant-and-project-development/our-people/soren-newman
2025-03-29 20:38:51 [INFO] root: Completed processing https://www.uidaho.edu/cals/services/grant-and-project-development/our-people/soren-newman
2025-03-29 20:38:51 [INFO] root: Processing URL: https://www.uidaho.edu/cals/people/harpreet-kaur
2025-03-29 20:38:57 [INFO] root: Completed processing https://www.uidaho.edu/cals/people/harpreet-kaur
2025-03-29 20:38:57 [INFO] root: Processing URL: https://www.uidaho.edu/cals/people/madison-mcguire
2025-03-29 20:39:02 [INFO] root: Completed processing https://www.uidaho.edu/cals/people/madison-mcguire
2025-03-29 20:39:02 [INFO] root: Processing URL: https://www.uidaho.edu/cals/people/savanah-nunes
2025-03-29 20:39:07 [INFO] root: Completed processing https://www.uidaho.edu/cals/people/savanah-nunes
2025-03-29 20:39:08 [INFO] root: Processing URL: https://www.uidaho.edu/cals/people/steve-greene
2025-03-29 20:39:13 [INFO] root: Completed processing https://www.uidaho.edu/cals/people/steve-greene
2025-03-29 20:39:14 [INFO] root: Processing URL: https://www.uidaho.edu/cals/people/amy-calabretta
2025-03-29 20:39:18 [INFO] root: Completed processing https://www.uidaho.edu/cals/people/amy-calabretta
2025-03-29 20:39:19 [INFO] root: Processing URL: https://www.uidaho.edu/cals/people/angela-harley
2025-03-29 20:39:24 [INFO] root: Completed processing https://www.uidaho.edu/cals/people/angela-harley
2025-03-29 20:39:25 [INFO] root: Processing URL: https://www.uidaho.edu/cals/people/ann-barrington
2025-03-29 20:39:30 [INFO] root: Completed processing https://www.uidaho.edu/cals/people/ann-barrington
2025-03-29 20:39:31 [INFO] root: Processing URL: https://www.uidaho.edu/cals/people/ashley-baker
2025-03-29 20:39:36 [INFO] root: Completed processing https://www.uidaho.edu/cals/people/ashley-baker
2025-03-29 20:39:36 [INFO] root: Processing URL: https://www.uidaho.edu/cals/people/brandi-chastain
2025-03-29 20:39:42 [INFO] root: Completed processing https://www.uidaho.edu/cals/people/brandi-chastain
2025-03-29 20:39:42 [INFO] root: Processing URL: https://www.uidaho.edu/cals/people/brian-kelly
2025-03-29 20:39:47 [INFO] root: Completed processing https://www.uidaho.edu/cals/people/brian-kelly
2025-03-29 20:39:48 [INFO] root: Processing URL: https://www.uidaho.edu/cals/people/carly-schoepflin
2025-03-29 20:39:53 [INFO] root: Completed processing https://www.uidaho.edu/cals/people/carly-schoepflin
2025-03-29 20:39:53 [INFO] root: Saved 13 profiles to output/extracted_profiles.xlsx
2025-03-29 20:39:53 [INFO] root: 
Processing Metrics:
2025-03-29 20:39:53 [INFO] root: Total URLs processed: 14
2025-03-29 20:39:53 [INFO] root: Successful extractions: 0
2025-03-29 20:39:53 [INFO] root: Failed extractions: 14
2025-03-29 20:39:53 [INFO] root: Success rate: 0.00%
2025-03-29 20:39:53 [INFO] root: Total cost: $0.0000
2025-03-29 20:39:53 [INFO] root: Profile extraction process completed
2025-03-29 20:40:46 [INFO] root: Logging configured.
2025-03-29 20:40:46 [INFO] root: Application started.
2025-03-29 20:40:46 [INFO] root: Loaded 14 URLs from data/uidaho_urls.json
2025-03-29 20:40:46 [INFO] root: Processing URL: https://www.uidaho.edu/cals/services/grant-and-project-development/our-people/tenley-burke
2025-03-29 20:40:50 [INFO] root: Completed processing https://www.uidaho.edu/cals/services/grant-and-project-development/our-people/tenley-burke
2025-03-29 20:40:50 [INFO] root: Processing URL: https://www.uidaho.edu/cals/services/grant-and-project-development/our-people/debbie-gray
2025-03-29 20:40:55 [INFO] root: Completed processing https://www.uidaho.edu/cals/services/grant-and-project-development/our-people/debbie-gray
2025-03-29 20:40:56 [INFO] root: Processing URL: https://www.uidaho.edu/cals/services/grant-and-project-development/our-people/soren-newman
2025-03-29 20:41:00 [INFO] root: Completed processing https://www.uidaho.edu/cals/services/grant-and-project-development/our-people/soren-newman
2025-03-29 20:41:01 [INFO] root: Processing URL: https://www.uidaho.edu/cals/people/harpreet-kaur
2025-03-29 20:41:20 [INFO] root: Completed processing https://www.uidaho.edu/cals/people/harpreet-kaur
2025-03-29 20:41:20 [INFO] root: Processing URL: https://www.uidaho.edu/cals/people/madison-mcguire
2025-03-29 20:41:26 [INFO] root: Completed processing https://www.uidaho.edu/cals/people/madison-mcguire
2025-03-29 20:41:26 [INFO] root: Processing URL: https://www.uidaho.edu/cals/people/savanah-nunes
2025-03-29 20:41:32 [INFO] root: Completed processing https://www.uidaho.edu/cals/people/savanah-nunes
2025-03-29 20:41:32 [INFO] root: Processing URL: https://www.uidaho.edu/cals/people/steve-greene
2025-03-29 20:41:37 [INFO] root: Completed processing https://www.uidaho.edu/cals/people/steve-greene
2025-03-29 20:41:37 [INFO] root: Processing URL: https://www.uidaho.edu/cals/people/amy-calabretta
2025-03-29 20:41:43 [INFO] root: Completed processing https://www.uidaho.edu/cals/people/amy-calabretta
2025-03-29 20:41:43 [INFO] root: Processing URL: https://www.uidaho.edu/cals/people/angela-harley
2025-03-29 20:41:49 [INFO] root: Completed processing https://www.uidaho.edu/cals/people/angela-harley
2025-03-29 20:41:49 [INFO] root: Processing URL: https://www.uidaho.edu/cals/people/ann-barrington
2025-03-29 20:41:54 [INFO] root: Completed processing https://www.uidaho.edu/cals/people/ann-barrington
2025-03-29 20:41:54 [INFO] root: Processing URL: https://www.uidaho.edu/cals/people/ashley-baker
2025-03-29 20:42:00 [INFO] root: Completed processing https://www.uidaho.edu/cals/people/ashley-baker
2025-03-29 20:42:00 [INFO] root: Processing URL: https://www.uidaho.edu/cals/people/brandi-chastain
2025-03-29 20:42:05 [INFO] root: Completed processing https://www.uidaho.edu/cals/people/brandi-chastain
2025-03-29 20:42:06 [INFO] root: Processing URL: https://www.uidaho.edu/cals/people/brian-kelly
2025-03-29 20:42:10 [INFO] root: Completed processing https://www.uidaho.edu/cals/people/brian-kelly
2025-03-29 20:42:11 [INFO] root: Processing URL: https://www.uidaho.edu/cals/people/carly-schoepflin
2025-03-29 20:42:16 [INFO] root: Completed processing https://www.uidaho.edu/cals/people/carly-schoepflin
2025-03-29 20:42:17 [INFO] root: Saved 13 profiles to output/extracted_profiles.xlsx
2025-03-29 20:42:17 [INFO] root: 
Processing Metrics:
2025-03-29 20:42:17 [INFO] root: Total URLs processed: 14
2025-03-29 20:42:17 [INFO] root: Successful extractions: 0
2025-03-29 20:42:17 [INFO] root: Failed extractions: 14
2025-03-29 20:42:17 [INFO] root: Success rate: 0.00%
2025-03-29 20:42:17 [INFO] root: Total cost: $0.0000
2025-03-29 20:42:17 [INFO] root: Profile extraction process completed
2025-03-29 20:43:02 [INFO] root: Logging configured.
2025-03-29 20:43:02 [INFO] root: Application started.
2025-03-29 20:43:02 [INFO] root: Loaded 14 URLs from data/uidaho_urls.json
2025-03-29 20:43:02 [INFO] root: Processing URL: https://www.uidaho.edu/cals/services/grant-and-project-development/our-people/tenley-burke
2025-03-29 20:43:05 [INFO] root: Completed processing https://www.uidaho.edu/cals/services/grant-and-project-development/our-people/tenley-burke
2025-03-29 20:43:05 [INFO] root: Processing URL: https://www.uidaho.edu/cals/services/grant-and-project-development/our-people/debbie-gray
2025-03-29 20:43:11 [INFO] root: Completed processing https://www.uidaho.edu/cals/services/grant-and-project-development/our-people/debbie-gray
2025-03-29 20:43:11 [INFO] root: Processing URL: https://www.uidaho.edu/cals/services/grant-and-project-development/our-people/soren-newman
2025-03-29 20:43:16 [INFO] root: Completed processing https://www.uidaho.edu/cals/services/grant-and-project-development/our-people/soren-newman
2025-03-29 20:43:16 [INFO] root: Processing URL: https://www.uidaho.edu/cals/people/harpreet-kaur
2025-03-29 20:43:22 [INFO] root: Completed processing https://www.uidaho.edu/cals/people/harpreet-kaur
2025-03-29 20:43:22 [INFO] root: Processing URL: https://www.uidaho.edu/cals/people/madison-mcguire
2025-03-29 20:43:28 [INFO] root: Completed processing https://www.uidaho.edu/cals/people/madison-mcguire
2025-03-29 20:43:28 [INFO] root: Processing URL: https://www.uidaho.edu/cals/people/savanah-nunes
2025-03-29 20:43:34 [INFO] root: Completed processing https://www.uidaho.edu/cals/people/savanah-nunes
2025-03-29 20:43:34 [INFO] root: Processing URL: https://www.uidaho.edu/cals/people/steve-greene
2025-03-29 20:43:39 [INFO] root: Completed processing https://www.uidaho.edu/cals/people/steve-greene
2025-03-29 20:43:40 [INFO] root: Processing URL: https://www.uidaho.edu/cals/people/amy-calabretta
2025-03-29 20:43:45 [INFO] root: Completed processing https://www.uidaho.edu/cals/people/amy-calabretta
2025-03-29 20:43:45 [INFO] root: Processing URL: https://www.uidaho.edu/cals/people/angela-harley
2025-03-29 20:43:51 [INFO] root: Completed processing https://www.uidaho.edu/cals/people/angela-harley
2025-03-29 20:43:51 [INFO] root: Processing URL: https://www.uidaho.edu/cals/people/ann-barrington
2025-03-29 20:43:56 [INFO] root: Completed processing https://www.uidaho.edu/cals/people/ann-barrington
2025-03-29 20:43:56 [INFO] root: Processing URL: https://www.uidaho.edu/cals/people/ashley-baker
2025-03-29 20:44:01 [INFO] root: Completed processing https://www.uidaho.edu/cals/people/ashley-baker
2025-03-29 20:44:02 [INFO] root: Processing URL: https://www.uidaho.edu/cals/people/brandi-chastain
2025-03-29 20:44:06 [INFO] root: Completed processing https://www.uidaho.edu/cals/people/brandi-chastain
2025-03-29 20:44:07 [INFO] root: Processing URL: https://www.uidaho.edu/cals/people/brian-kelly
2025-03-29 20:44:12 [INFO] root: Completed processing https://www.uidaho.edu/cals/people/brian-kelly
2025-03-29 20:44:12 [INFO] root: Processing URL: https://www.uidaho.edu/cals/people/carly-schoepflin
2025-03-29 20:44:17 [INFO] root: Completed processing https://www.uidaho.edu/cals/people/carly-schoepflin
2025-03-29 20:44:18 [INFO] root: Saved 13 profiles to output/extracted_profiles.xlsx
2025-03-29 20:44:18 [INFO] root: 
Processing Metrics:
2025-03-29 20:44:18 [INFO] root: Total URLs processed: 14
2025-03-29 20:44:18 [INFO] root: Successful extractions: 0
2025-03-29 20:44:18 [INFO] root: Failed extractions: 14
2025-03-29 20:44:18 [INFO] root: Success rate: 0.00%
2025-03-29 20:44:18 [INFO] root: Total cost: $0.0000
2025-03-29 20:44:18 [INFO] root: Profile extraction process completed
2025-03-29 20:44:46 [INFO] root: Logging configured.
2025-03-29 20:44:46 [INFO] root: Application started.
2025-03-29 20:44:46 [INFO] root: Loaded 14 URLs from data/uidaho_urls.json
2025-03-29 20:44:46 [INFO] root: Processing URL: https://www.uidaho.edu/cals/services/grant-and-project-development/our-people/tenley-burke
2025-03-29 20:44:50 [INFO] root: Completed processing https://www.uidaho.edu/cals/services/grant-and-project-development/our-people/tenley-burke
2025-03-29 20:44:50 [INFO] root: Processing URL: https://www.uidaho.edu/cals/services/grant-and-project-development/our-people/debbie-gray
2025-03-29 20:44:55 [INFO] root: Completed processing https://www.uidaho.edu/cals/services/grant-and-project-development/our-people/debbie-gray
2025-03-29 20:44:56 [INFO] root: Processing URL: https://www.uidaho.edu/cals/services/grant-and-project-development/our-people/soren-newman
2025-03-29 20:45:00 [INFO] root: Completed processing https://www.uidaho.edu/cals/services/grant-and-project-development/our-people/soren-newman
2025-03-29 20:45:01 [INFO] root: Processing URL: https://www.uidaho.edu/cals/people/harpreet-kaur
2025-03-29 20:45:07 [INFO] root: Completed processing https://www.uidaho.edu/cals/people/harpreet-kaur
2025-03-29 20:45:07 [INFO] root: Processing URL: https://www.uidaho.edu/cals/people/madison-mcguire
2025-03-29 20:45:13 [INFO] root: Completed processing https://www.uidaho.edu/cals/people/madison-mcguire
2025-03-29 20:45:13 [INFO] root: Processing URL: https://www.uidaho.edu/cals/people/savanah-nunes
2025-03-29 20:45:16 [WARNING] root: Keyboard interrupt detected. Stopping gracefully...
2025-03-29 20:45:16 [INFO] root: Processed 5 out of 14 URLs before interruption
2025-03-29 20:45:16 [INFO] root: Saving partial results before exit...
2025-03-29 20:45:16 [INFO] root: Saved 4 profiles to output/extracted_profiles.xlsx
2025-03-29 20:45:16 [INFO] root: 
Processing Metrics:
2025-03-29 20:45:16 [INFO] root: Total URLs processed: 5
2025-03-29 20:45:16 [INFO] root: Successful extractions: 4
2025-03-29 20:45:16 [INFO] root: Failed extractions: 1
2025-03-29 20:45:16 [INFO] root: Success rate: 80.00%
2025-03-29 20:45:16 [INFO] root: Total cost: $0.0000
2025-03-29 20:45:16 [INFO] root: Profile extraction process completed
2025-03-29 20:45:16 [INFO] root: Note: Only 5/14 URLs were processed
2025-03-29 20:49:22 [INFO] root: Logging configured.
2025-03-29 20:49:22 [INFO] root: Application started.
2025-03-29 20:49:22 [INFO] root: Loaded 8 URLs from data/uidaho_urls.json
2025-03-29 20:49:22 [INFO] root: Processing URL: https://www.uidaho.edu/cals/services/grant-and-project-development/our-people/tenley-burke
2025-03-29 20:49:25 [INFO] root: Completed processing https://www.uidaho.edu/cals/services/grant-and-project-development/our-people/tenley-burke
2025-03-29 20:49:26 [INFO] root: Processing URL: https://www.uidaho.edu/cals/services/grant-and-project-development/our-people/debbie-gray
2025-03-29 20:49:30 [INFO] root: Completed processing https://www.uidaho.edu/cals/services/grant-and-project-development/our-people/debbie-gray
2025-03-29 20:49:30 [INFO] root: Processing URL: https://www.uidaho.edu/cals/people/harpreet-kaur
2025-03-29 20:49:35 [INFO] root: Completed processing https://www.uidaho.edu/cals/people/harpreet-kaur
2025-03-29 20:49:35 [INFO] root: Processing URL: https://www.uidaho.edu/cals/people/madison-mcguire
2025-03-29 20:49:39 [INFO] root: Completed processing https://www.uidaho.edu/cals/people/madison-mcguire
2025-03-29 20:49:39 [INFO] root: Processing URL: https://www.uidaho.edu/cals/people/savanah-nunes
2025-03-29 20:49:43 [INFO] root: Completed processing https://www.uidaho.edu/cals/people/savanah-nunes
2025-03-29 20:49:44 [INFO] root: Processing URL: https://www.uidaho.edu/cals/people/brandi-chastain
2025-03-29 20:49:47 [INFO] root: Completed processing https://www.uidaho.edu/cals/people/brandi-chastain
2025-03-29 20:49:48 [INFO] root: Processing URL: https://www.uidaho.edu/cals/people/brian-kelly
2025-03-29 20:49:52 [INFO] root: Completed processing https://www.uidaho.edu/cals/people/brian-kelly
2025-03-29 20:49:52 [INFO] root: Processing URL: https://www.uidaho.edu/cals/people/carly-schoepflin
2025-03-29 20:49:56 [INFO] root: Completed processing https://www.uidaho.edu/cals/people/carly-schoepflin
2025-03-29 20:49:57 [INFO] root: Saved 7 profiles to output/extracted_profiles.xlsx
2025-03-29 20:49:57 [INFO] root: Saved 1 error reports to output/errors_extracted_profiles.xlsx
2025-03-29 20:49:57 [INFO] root: 
Processing Metrics:
2025-03-29 20:49:57 [INFO] root: Total URLs processed: 8
2025-03-29 20:49:57 [INFO] root: Successful extractions: 7
2025-03-29 20:49:57 [INFO] root: Failed extractions: 1
2025-03-29 20:49:57 [INFO] root: Success rate: 87.50%
2025-03-29 20:49:57 [INFO] root: Total cost: $0.0000
2025-03-29 20:49:57 [INFO] root: Profile extraction process completed
2025-03-29 20:50:19 [INFO] root: Logging configured.
2025-03-29 20:50:19 [INFO] root: Application started.
2025-03-29 20:50:19 [INFO] root: Loaded 8 URLs from data/uidaho_urls.json
2025-03-29 20:50:19 [INFO] root: Processing URL: https://www.uidaho.edu/cals/services/grant-and-project-development/our-people/tenley-burke
2025-03-29 20:50:22 [INFO] root: Completed processing https://www.uidaho.edu/cals/services/grant-and-project-development/our-people/tenley-burke
2025-03-29 20:50:23 [INFO] root: Processing URL: https://www.uidaho.edu/cals/services/grant-and-project-development/our-people/debbie-gray
2025-03-29 20:50:28 [INFO] root: Completed processing https://www.uidaho.edu/cals/services/grant-and-project-development/our-people/debbie-gray
2025-03-29 20:50:29 [INFO] root: Processing URL: https://www.uidaho.edu/cals/people/harpreet-kaur
2025-03-29 20:50:35 [INFO] root: Completed processing https://www.uidaho.edu/cals/people/harpreet-kaur
2025-03-29 20:50:35 [INFO] root: Processing URL: https://www.uidaho.edu/cals/people/madison-mcguire
2025-03-29 20:50:41 [INFO] root: Completed processing https://www.uidaho.edu/cals/people/madison-mcguire
2025-03-29 20:50:41 [INFO] root: Processing URL: https://www.uidaho.edu/cals/people/savanah-nunes
2025-03-29 20:50:47 [INFO] root: Completed processing https://www.uidaho.edu/cals/people/savanah-nunes
2025-03-29 20:50:48 [INFO] root: Processing URL: https://www.uidaho.edu/cals/people/brandi-chastain
2025-03-29 20:50:53 [INFO] root: Completed processing https://www.uidaho.edu/cals/people/brandi-chastain
2025-03-29 20:50:53 [INFO] root: Processing URL: https://www.uidaho.edu/cals/people/brian-kelly
2025-03-29 20:50:59 [INFO] root: Completed processing https://www.uidaho.edu/cals/people/brian-kelly
2025-03-29 20:50:59 [INFO] root: Processing URL: https://www.uidaho.edu/cals/people/carly-schoepflin
2025-03-29 20:51:04 [INFO] root: Completed processing https://www.uidaho.edu/cals/people/carly-schoepflin
2025-03-29 20:51:05 [INFO] root: Saved 7 profiles to output/extracted_profiles.xlsx
2025-03-29 20:51:05 [INFO] root: Saved 1 error reports to output/errors_extracted_profiles.xlsx
2025-03-29 20:51:05 [INFO] root: 
Processing Metrics:
2025-03-29 20:51:05 [INFO] root: Total URLs processed: 8
2025-03-29 20:51:05 [INFO] root: Successful extractions: 7
2025-03-29 20:51:05 [INFO] root: Failed extractions: 1
2025-03-29 20:51:05 [INFO] root: Success rate: 87.50%
2025-03-29 20:51:05 [INFO] root: Total cost: $0.0000
2025-03-29 20:51:05 [INFO] root: Average processing time: 5865.84 ms
2025-03-29 20:51:05 [INFO] root: Profile extraction process completed
2025-03-29 20:52:05 [INFO] root: Logging configured.
2025-03-29 20:52:05 [INFO] root: Application started.
2025-03-29 20:52:05 [INFO] root: Loaded 8 URLs from data/uidaho_urls.json
2025-03-29 20:52:05 [INFO] root: Processing URL: https://www.uidaho.edu/cals/services/grant-and-project-development/our-people/tenley-burke
2025-03-29 20:52:08 [INFO] root: Completed processing https://www.uidaho.edu/cals/services/grant-and-project-development/our-people/tenley-burke
2025-03-29 20:52:09 [INFO] root: Processing URL: https://www.uidaho.edu/cals/services/grant-and-project-development/our-people/debbie-gray
2025-03-29 20:52:14 [INFO] root: Completed processing https://www.uidaho.edu/cals/services/grant-and-project-development/our-people/debbie-gray
2025-03-29 20:52:15 [INFO] root: Processing URL: https://www.uidaho.edu/cals/people/harpreet-kaur
2025-03-29 20:52:21 [INFO] root: Completed processing https://www.uidaho.edu/cals/people/harpreet-kaur
2025-03-29 20:52:21 [INFO] root: Processing URL: https://www.uidaho.edu/cals/people/madison-mcguire
2025-03-29 20:52:26 [INFO] root: Completed processing https://www.uidaho.edu/cals/people/madison-mcguire
2025-03-29 20:52:27 [INFO] root: Processing URL: https://www.uidaho.edu/cals/people/savanah-nunes
2025-03-29 20:52:32 [INFO] root: Completed processing https://www.uidaho.edu/cals/people/savanah-nunes
2025-03-29 20:52:33 [INFO] root: Processing URL: https://www.uidaho.edu/cals/people/brandi-chastain
2025-03-29 20:52:38 [INFO] root: Completed processing https://www.uidaho.edu/cals/people/brandi-chastain
2025-03-29 20:52:39 [INFO] root: Processing URL: https://www.uidaho.edu/cals/people/brian-kelly
2025-03-29 20:52:44 [INFO] root: Completed processing https://www.uidaho.edu/cals/people/brian-kelly
2025-03-29 20:52:45 [INFO] root: Processing URL: https://www.uidaho.edu/cals/people/carly-schoepflin
2025-03-29 20:52:51 [INFO] root: Completed processing https://www.uidaho.edu/cals/people/carly-schoepflin
2025-03-29 20:52:51 [INFO] root: Saved 7 profiles to output/extracted_profiles.xlsx
2025-03-29 20:52:51 [INFO] root: Saved 1 error reports to output/errors_extracted_profiles.xlsx
2025-03-29 20:52:51 [INFO] root: 
Processing Metrics:
2025-03-29 20:52:51 [INFO] root: Total URLs processed: 8
2025-03-29 20:52:51 [INFO] root: Successful extractions: 7
2025-03-29 20:52:51 [INFO] root: Failed extractions: 1
2025-03-29 20:52:51 [INFO] root: Success rate: 87.50%
2025-03-29 20:52:51 [INFO] root: Total cost: $0.0000
2025-03-29 20:52:51 [INFO] root: Average processing time: 5988.98 ms
2025-03-29 20:52:51 [INFO] root: Profile extraction process completed
